Using pre-set license
Built from '2022.3/staging' branch; Version is '2022.3.9f1 (ea401c316338) revision 15351836'; Using compiler version '192829333'; Build Type 'Release'
OS: 'Windows 11  (10.0.22621) 64bit Professional' Language: 'pt' Physical Memory: 16068 MB
BatchMode: 1, IsHumanControllingUs: 0, StartBugReporterOnCrash: 0, Is64bit: 1, IsPro: 1

COMMAND LINE ARGUMENTS:
C:\Program Files\Unity\Hub\Editor\2022.3.9f1\Editor\Unity.exe
-adb2
-batchMode
-noUpm
-name
AssetImportWorker1
-projectPath
C:/Users/igors/ChessProject
-logFile
Logs/AssetImportWorker1.log
-srvPort
64376
Successfully changed project path to: C:/Users/igors/ChessProject
C:/Users/igors/ChessProject
[UnityMemory] Configuration Parameters - Can be set up in boot.config
    "memorysetup-bucket-allocator-granularity=16"
    "memorysetup-bucket-allocator-bucket-count=8"
    "memorysetup-bucket-allocator-block-size=33554432"
    "memorysetup-bucket-allocator-block-count=8"
    "memorysetup-main-allocator-block-size=16777216"
    "memorysetup-thread-allocator-block-size=16777216"
    "memorysetup-gfx-main-allocator-block-size=16777216"
    "memorysetup-gfx-thread-allocator-block-size=16777216"
    "memorysetup-cache-allocator-block-size=4194304"
    "memorysetup-typetree-allocator-block-size=2097152"
    "memorysetup-profiler-bucket-allocator-granularity=16"
    "memorysetup-profiler-bucket-allocator-bucket-count=8"
    "memorysetup-profiler-bucket-allocator-block-size=33554432"
    "memorysetup-profiler-bucket-allocator-block-count=8"
    "memorysetup-profiler-allocator-block-size=16777216"
    "memorysetup-profiler-editor-allocator-block-size=1048576"
    "memorysetup-temp-allocator-size-main=16777216"
    "memorysetup-job-temp-allocator-block-size=2097152"
    "memorysetup-job-temp-allocator-block-size-background=1048576"
    "memorysetup-job-temp-allocator-reduction-small-platforms=262144"
    "memorysetup-allocator-temp-initial-block-size-main=262144"
    "memorysetup-allocator-temp-initial-block-size-worker=262144"
    "memorysetup-temp-allocator-size-background-worker=32768"
    "memorysetup-temp-allocator-size-job-worker=262144"
    "memorysetup-temp-allocator-size-preload-manager=33554432"
    "memorysetup-temp-allocator-size-nav-mesh-worker=65536"
    "memorysetup-temp-allocator-size-audio-worker=65536"
    "memorysetup-temp-allocator-size-cloud-worker=32768"
    "memorysetup-temp-allocator-size-gi-baking-worker=262144"
    "memorysetup-temp-allocator-size-gfx=262144"
Player connection [24220] Host "[IP] 192.168.129.1 [Port] 0 [Flags] 2 [Guid] 2057131574 [EditorId] 2057131574 [Version] 1048832 [Id] WindowsEditor(7,ANALISTA004) [Debug] 1 [PackageName] WindowsEditor [ProjectName] Editor" joined multi-casting on [225.0.0.222:54997]...

Player connection [24220] Host "[IP] 192.168.129.1 [Port] 0 [Flags] 2 [Guid] 2057131574 [EditorId] 2057131574 [Version] 1048832 [Id] WindowsEditor(7,ANALISTA004) [Debug] 1 [PackageName] WindowsEditor [ProjectName] Editor" joined alternative multi-casting on [225.0.0.222:34997]...

[Physics::Module] Initialized MultithreadedJobDispatcher with 11 workers.
Refreshing native plugins compatible for Editor in 6.43 ms, found 2 plugins.
Preloading 0 native plugins for Editor in 0.00 ms.
Initialize engine version: 2022.3.9f1 (ea401c316338)
[Subsystems] Discovering subsystems at path C:/Program Files/Unity/Hub/Editor/2022.3.9f1/Editor/Data/Resources/UnitySubsystems
[Subsystems] Discovering subsystems at path C:/Users/igors/ChessProject/Assets
GfxDevice: creating device client; threaded=0; jobified=0
Direct3D:
    Version:  Direct3D 11.0 [level 11.1]
    Renderer: NVIDIA GeForce MX550 (ID=0x1f9f)
    Vendor:   NVIDIA
    VRAM:     1920 MB
    Driver:   31.0.15.2879
Initialize mono
Mono path[0] = 'C:/Program Files/Unity/Hub/Editor/2022.3.9f1/Editor/Data/Managed'
Mono path[1] = 'C:/Program Files/Unity/Hub/Editor/2022.3.9f1/Editor/Data/MonoBleedingEdge/lib/mono/unityjit-win32'
Mono config path = 'C:/Program Files/Unity/Hub/Editor/2022.3.9f1/Editor/Data/MonoBleedingEdge/etc'
Using monoOptions --debugger-agent=transport=dt_socket,embedding=1,server=y,suspend=n,address=127.0.0.1:56260
Begin MonoManager ReloadAssembly
Registering precompiled unity dll's ...
Register platform support module: C:/Program Files/Unity/Hub/Editor/2022.3.9f1/Editor/Data/PlaybackEngines/WebGLSupport/UnityEditor.WebGL.Extensions.dll
Register platform support module: C:/Program Files/Unity/Hub/Editor/2022.3.9f1/Editor/Data/PlaybackEngines/WindowsStandaloneSupport/UnityEditor.WindowsStandalone.Extensions.dll
Registered in 0.003924 seconds.
- Loaded All Assemblies, in  0.326 seconds
Native extension for WindowsStandalone target not found
Native extension for WebGL target not found
Mono: successfully reloaded assembly
- Finished resetting the current domain, in  0.183 seconds
Domain Reload Profiling: 508ms
	BeginReloadAssembly (116ms)
		ExecutionOrderSort (0ms)
		DisableScriptedObjects (0ms)
		BackupInstance (0ms)
		ReleaseScriptingObjects (0ms)
		CreateAndSetChildDomain (1ms)
	RebuildCommonClasses (30ms)
	RebuildNativeTypeToScriptingClass (11ms)
	initialDomainReloadingComplete (45ms)
	LoadAllAssembliesAndSetupDomain (123ms)
		LoadAssemblies (116ms)
		RebuildTransferFunctionScriptingTraits (0ms)
		AnalyzeDomain (120ms)
			TypeCache.Refresh (119ms)
				TypeCache.ScanAssembly (106ms)
			ScanForSourceGeneratedMonoScriptInfo (0ms)
			ResolveRequiredComponents (0ms)
	FinalizeReload (184ms)
		ReleaseScriptCaches (0ms)
		RebuildScriptCaches (0ms)
		SetupLoadedEditorAssemblies (144ms)
			LogAssemblyErrors (0ms)
			InitializePlatformSupportModulesInManaged (10ms)
			SetLoadedEditorAssemblies (4ms)
			RefreshPlugins (0ms)
			BeforeProcessingInitializeOnLoad (2ms)
			ProcessInitializeOnLoadAttributes (87ms)
			ProcessInitializeOnLoadMethodAttributes (41ms)
			AfterProcessingInitializeOnLoad (0ms)
			EditorAssembliesLoaded (0ms)
		ExecutionOrderSort2 (0ms)
		AwakeInstancesAfterBackupRestoration (0ms)
========================================================================
Worker process is ready to serve import requests
Begin MonoManager ReloadAssembly
Symbol file LoadedFromMemory is not a mono symbol file
- Loaded All Assemblies, in  0.613 seconds
Refreshing native plugins compatible for Editor in 4.65 ms, found 2 plugins.
Native extension for WindowsStandalone target not found
Native extension for WebGL target not found
Package Manager log level set to [2]
[Package Manager] Server::EnsureServerProcessIsRunning -- launch failed, reason: Unity was launched with the -noUpm command-line argument
[Package Manager] UpmClient::Send -- Unable to send message (not connected to UPM process).
[Package Manager] Cannot connect to Unity Package Manager local server
Mono: successfully reloaded assembly
- Finished resetting the current domain, in  0.589 seconds
Domain Reload Profiling: 1199ms
	BeginReloadAssembly (132ms)
		ExecutionOrderSort (0ms)
		DisableScriptedObjects (4ms)
		BackupInstance (0ms)
		ReleaseScriptingObjects (0ms)
		CreateAndSetChildDomain (20ms)
	RebuildCommonClasses (40ms)
	RebuildNativeTypeToScriptingClass (10ms)
	initialDomainReloadingComplete (41ms)
	LoadAllAssembliesAndSetupDomain (386ms)
		LoadAssemblies (313ms)
		RebuildTransferFunctionScriptingTraits (0ms)
		AnalyzeDomain (145ms)
			TypeCache.Refresh (125ms)
				TypeCache.ScanAssembly (108ms)
			ScanForSourceGeneratedMonoScriptInfo (17ms)
			ResolveRequiredComponents (3ms)
	FinalizeReload (589ms)
		ReleaseScriptCaches (0ms)
		RebuildScriptCaches (0ms)
		SetupLoadedEditorAssemblies (461ms)
			LogAssemblyErrors (0ms)
			InitializePlatformSupportModulesInManaged (5ms)
			SetLoadedEditorAssemblies (2ms)
			RefreshPlugins (0ms)
			BeforeProcessingInitializeOnLoad (45ms)
			ProcessInitializeOnLoadAttributes (267ms)
			ProcessInitializeOnLoadMethodAttributes (135ms)
			AfterProcessingInitializeOnLoad (6ms)
			EditorAssembliesLoaded (0ms)
		ExecutionOrderSort2 (0ms)
		AwakeInstancesAfterBackupRestoration (6ms)
Launched and connected shader compiler UnityShaderCompiler.exe after 0.04 seconds
Refreshing native plugins compatible for Editor in 8.65 ms, found 2 plugins.
Preloading 0 native plugins for Editor in 0.00 ms.
Unloading 2549 Unused Serialized files (Serialized files now loaded: 0)
Unloading 60 unused Assets / (68.2 KB). Loaded Objects now: 2991.
Memory consumption went from 102.5 MB to 102.4 MB.
Total: 5.694500 ms (FindLiveObjects: 0.226900 ms CreateObjectMapping: 0.096400 ms MarkObjects: 5.221800 ms  DeleteObjects: 0.148000 ms)

AssetImportParameters requested are different than current active one (requested -> active):
  custom:video-decoder-webm-vp8: 9c59270c3fd7afecdb556c50c9e8de78 -> 
  custom:SearchIndexIgnoredProperties: e643bd26f0fe6173181afceb89e7c659 -> 
  custom:container-demuxer-ogg: 62fdf1f143b41e24485cea50d1cbac27 -> 
  custom:AudioImporter_EditorPlatform: d09bf68614088b80899f8185d706f6e7 -> 
  custom:video-codec-MediaFoundation-h265: 746d11721c4dcdbdad8f713fa42b33f4 -> 
  custom:video-decoder-ogg-theora: a1e56fd34408186e4bbccfd4996cb3dc -> 
  custom:framework-win-MediaFoundation: 216162199b28c13a410421893ffa2e32 -> 
  custom:video-encoder-webm-vp8: eb34c28f22e8b96e1ab97ce403110664 -> 
  custom:audio-decoder-ogg-vorbis: bf7c407c2cedff20999df2af8eb42d56 -> 
  custom:CustomObjectIndexerAttribute: 756ad292c208cfabdd7b50bc23989ffe -> 
  custom:container-demuxer-webm: 4f35f7cbe854078d1ac9338744f61a02 -> 
  custom:audio-encoder-webm-vorbis: bf7c407c2cedff20999df2af8eb42d56 -> 
  custom:container-muxer-webm: aa71ff27fc2769a1b78a27578f13a17b -> 
========================================================================
Received Import Request.
  Time since last request: 564671.716681 seconds.
  path: Assets
  artifactKey: Guid(00000000000000001000000000000000) Importer(815301076,1909f56bfc062723c751e8b465ee728b)
Start importing Assets using Guid(00000000000000001000000000000000) Importer(815301076,1909f56bfc062723c751e8b465ee728b)  -> (artifact id: '8a4fe85251aa2e89732c359432baa2c3') in 0.002196 seconds
Number of updated asset objects reloaded before import = 0
Number of asset objects unloaded after import = 0
========================================================================
Received Prepare
Begin MonoManager ReloadAssembly
Symbol file LoadedFromMemory is not a mono symbol file
- Loaded All Assemblies, in  0.377 seconds
Refreshing native plugins compatible for Editor in 4.04 ms, found 2 plugins.
Native extension for WindowsStandalone target not found
Native extension for WebGL target not found
[Package Manager] Server::EnsureServerProcessIsRunning -- launch failed, reason: Unity was launched with the -noUpm command-line argument
[Package Manager] UpmClient::Send -- Unable to send message (not connected to UPM process).
[Package Manager] Cannot connect to Unity Package Manager local server
Mono: successfully reloaded assembly
- Finished resetting the current domain, in  0.670 seconds
Domain Reload Profiling: 1046ms
	BeginReloadAssembly (135ms)
		ExecutionOrderSort (0ms)
		DisableScriptedObjects (4ms)
		BackupInstance (0ms)
		ReleaseScriptingObjects (0ms)
		CreateAndSetChildDomain (28ms)
	RebuildCommonClasses (33ms)
	RebuildNativeTypeToScriptingClass (15ms)
	initialDomainReloadingComplete (30ms)
	LoadAllAssembliesAndSetupDomain (163ms)
		LoadAssemblies (230ms)
		RebuildTransferFunctionScriptingTraits (0ms)
		AnalyzeDomain (8ms)
			TypeCache.Refresh (4ms)
				TypeCache.ScanAssembly (0ms)
			ScanForSourceGeneratedMonoScriptInfo (0ms)
			ResolveRequiredComponents (3ms)
	FinalizeReload (671ms)
		ReleaseScriptCaches (0ms)
		RebuildScriptCaches (0ms)
		SetupLoadedEditorAssemblies (403ms)
			LogAssemblyErrors (0ms)
			InitializePlatformSupportModulesInManaged (7ms)
			SetLoadedEditorAssemblies (3ms)
			RefreshPlugins (0ms)
			BeforeProcessingInitializeOnLoad (51ms)
			ProcessInitializeOnLoadAttributes (215ms)
			ProcessInitializeOnLoadMethodAttributes (124ms)
			AfterProcessingInitializeOnLoad (4ms)
			EditorAssembliesLoaded (0ms)
		ExecutionOrderSort2 (0ms)
		AwakeInstancesAfterBackupRestoration (7ms)
Refreshing native plugins compatible for Editor in 3.67 ms, found 2 plugins.
Preloading 0 native plugins for Editor in 0.00 ms.
Unloading 2541 Unused Serialized files (Serialized files now loaded: 0)
Unloading 49 unused Assets / (42.3 KB). Loaded Objects now: 2994.
Memory consumption went from 101.1 MB to 101.0 MB.
Total: 5.173200 ms (FindLiveObjects: 0.170000 ms CreateObjectMapping: 0.065400 ms MarkObjects: 4.878800 ms  DeleteObjects: 0.058100 ms)

Prepare: number of updated asset objects reloaded= 0
AssetImportParameters requested are different than current active one (requested -> active):
  custom:video-decoder-webm-vp8: 9c59270c3fd7afecdb556c50c9e8de78 -> 
  custom:SearchIndexIgnoredProperties: e643bd26f0fe6173181afceb89e7c659 -> 
  custom:container-demuxer-ogg: 62fdf1f143b41e24485cea50d1cbac27 -> 
  custom:AudioImporter_EditorPlatform: d09bf68614088b80899f8185d706f6e7 -> 
  custom:video-codec-MediaFoundation-h265: 746d11721c4dcdbdad8f713fa42b33f4 -> 
  custom:video-decoder-ogg-theora: a1e56fd34408186e4bbccfd4996cb3dc -> 
  custom:framework-win-MediaFoundation: 216162199b28c13a410421893ffa2e32 -> 
  custom:video-encoder-webm-vp8: eb34c28f22e8b96e1ab97ce403110664 -> 
  custom:audio-decoder-ogg-vorbis: bf7c407c2cedff20999df2af8eb42d56 -> 
  custom:CustomObjectIndexerAttribute: 756ad292c208cfabdd7b50bc23989ffe -> 
  custom:container-demuxer-webm: 4f35f7cbe854078d1ac9338744f61a02 -> 
  custom:audio-encoder-webm-vorbis: bf7c407c2cedff20999df2af8eb42d56 -> 
  custom:container-muxer-webm: aa71ff27fc2769a1b78a27578f13a17b -> 
========================================================================
Received Import Request.
  Time since last request: 186.618568 seconds.
  path: Assets/Sprites/Chess_Pieces_golden/King_1.png
  artifactKey: Guid(95f5ee96c0b15064695ef928fd5731a7) Importer(815301076,1909f56bfc062723c751e8b465ee728b)
Start importing Assets/Sprites/Chess_Pieces_golden/King_1.png using Guid(95f5ee96c0b15064695ef928fd5731a7) Importer(815301076,1909f56bfc062723c751e8b465ee728b)  -> (artifact id: '8891a6a00b39417563e6bf5f9f5bed0d') in 0.101333 seconds
Number of updated asset objects reloaded before import = 0
Number of asset objects unloaded after import = 3
========================================================================
Received Import Request.
  Time since last request: 0.000023 seconds.
  path: Assets/Sprites/Chess_Pieces_golden/pawn_new.png
  artifactKey: Guid(49a1dee5b466b414e96f05f2e85f0be0) Importer(815301076,1909f56bfc062723c751e8b465ee728b)
Start importing Assets/Sprites/Chess_Pieces_golden/pawn_new.png using Guid(49a1dee5b466b414e96f05f2e85f0be0) Importer(815301076,1909f56bfc062723c751e8b465ee728b)  -> (artifact id: '56daa0e827282a78e5682c4a11eee065') in 0.026678 seconds
Number of updated asset objects reloaded before import = 0
Number of asset objects unloaded after import = 3
========================================================================
Received Import Request.
  Time since last request: 2.443989 seconds.
  path: Assets/Sprites/Chess_pieces_Green/Knight_1.png
  artifactKey: Guid(3c18437a4f73b264b81a4a128bde02aa) Importer(815301076,1909f56bfc062723c751e8b465ee728b)
Start importing Assets/Sprites/Chess_pieces_Green/Knight_1.png using Guid(3c18437a4f73b264b81a4a128bde02aa) Importer(815301076,1909f56bfc062723c751e8b465ee728b)  -> (artifact id: '42ae9e9e82f7764ba0c5a97efa1c3275') in 0.030483 seconds
Number of updated asset objects reloaded before import = 0
Number of asset objects unloaded after import = 3
========================================================================
Received Import Request.
  Time since last request: 0.000086 seconds.
  path: Assets/Sprites/Chess_pieces_Green/queen.png
  artifactKey: Guid(c53163df4035dcb4e9e744c965a54b46) Importer(815301076,1909f56bfc062723c751e8b465ee728b)
Start importing Assets/Sprites/Chess_pieces_Green/queen.png using Guid(c53163df4035dcb4e9e744c965a54b46) Importer(815301076,1909f56bfc062723c751e8b465ee728b)  -> (artifact id: 'fac1aaf112274e7f0641330efa232871') in 0.037716 seconds
Number of updated asset objects reloaded before import = 0
Number of asset objects unloaded after import = 3
========================================================================
Received Import Request.
  Time since last request: 0.000019 seconds.
  path: Assets/Sprites/Chess_pieces_Green/pawn_new.png
  artifactKey: Guid(34f621af898289741bbdf420bb9714ab) Importer(815301076,1909f56bfc062723c751e8b465ee728b)
Start importing Assets/Sprites/Chess_pieces_Green/pawn_new.png using Guid(34f621af898289741bbdf420bb9714ab) Importer(815301076,1909f56bfc062723c751e8b465ee728b)  -> (artifact id: '3c0218a5f90d493262a27cbe53dd7779') in 0.020141 seconds
Number of updated asset objects reloaded before import = 0
Number of asset objects unloaded after import = 3
========================================================================
Received Import Request.
  Time since last request: 111.644731 seconds.
  path: Assets/LeanTween/Examples/Prefabs/AvatarAlpha.prefab
  artifactKey: Guid(6f033a1cc164a48d99c0ccbd9425d153) Importer(815301076,1909f56bfc062723c751e8b465ee728b)
Start importing Assets/LeanTween/Examples/Prefabs/AvatarAlpha.prefab using Guid(6f033a1cc164a48d99c0ccbd9425d153) Importer(815301076,1909f56bfc062723c751e8b465ee728b)  -> (artifact id: '63c9337feaa71e37bfc30722413044b7') in 0.009538 seconds
Number of updated asset objects reloaded before import = 0
Number of asset objects unloaded after import = 242
========================================================================
Received Import Request.
  Time since last request: 0.000023 seconds.
  path: Assets/LeanTween/Examples/Prefabs/AvatarDiffuse 1.prefab
  artifactKey: Guid(672fd62036f744e79b75297e492c996e) Importer(815301076,1909f56bfc062723c751e8b465ee728b)
Start importing Assets/LeanTween/Examples/Prefabs/AvatarDiffuse 1.prefab using Guid(672fd62036f744e79b75297e492c996e) Importer(815301076,1909f56bfc062723c751e8b465ee728b)  -> (artifact id: 'f9b5d2c02feab27cd458a3d1ede3eb66') in 0.163858 seconds
Number of updated asset objects reloaded before import = 0
Number of asset objects unloaded after import = 8
========================================================================
Received Import Request.
  Time since last request: 0.000031 seconds.
  path: Assets/Prefabs/highlight.prefab
  artifactKey: Guid(e616b51058757624c90cff452e66bc2b) Importer(815301076,1909f56bfc062723c751e8b465ee728b)
Start importing Assets/Prefabs/highlight.prefab using Guid(e616b51058757624c90cff452e66bc2b) Importer(815301076,1909f56bfc062723c751e8b465ee728b)  -> (artifact id: '2b7cee935ea44eef3ee3a6b6869d8ccd') in 0.045330 seconds
Number of updated asset objects reloaded before import = 0
Number of asset objects unloaded after import = 9
========================================================================
Received Import Request.
  Time since last request: 0.000028 seconds.
  path: Assets/LeanTween/Examples/Prefabs/Grids.prefab
  artifactKey: Guid(6a9d822b319924ae7a120c7f2ba0b067) Importer(815301076,1909f56bfc062723c751e8b465ee728b)
Start importing Assets/LeanTween/Examples/Prefabs/Grids.prefab using Guid(6a9d822b319924ae7a120c7f2ba0b067) Importer(815301076,1909f56bfc062723c751e8b465ee728b)  -> (artifact id: 'a1112bf12bfa7df37a2c3affaf5b7462') in 0.003789 seconds
Number of updated asset objects reloaded before import = 0
Number of asset objects unloaded after import = 392
========================================================================
Received Import Request.
  Time since last request: 0.000019 seconds.
  path: Packages/com.unity.analytics/DataPrivacy/DataPrivacyButton.prefab
  artifactKey: Guid(71b11355001648444b41d17fd36c150d) Importer(815301076,1909f56bfc062723c751e8b465ee728b)
Start importing Packages/com.unity.analytics/DataPrivacy/DataPrivacyButton.prefab using Guid(71b11355001648444b41d17fd36c150d) Importer(815301076,1909f56bfc062723c751e8b465ee728b)  -> (artifact id: 'e912b4c44e08ae0e363544ffd9ec94e2') in 0.010394 seconds
Number of updated asset objects reloaded before import = 0
Number of asset objects unloaded after import = 16
========================================================================
Received Import Request.
  Time since last request: 0.000012 seconds.
  path: Assets/LeanTween/Examples/Prefabs/AvatarSparkles.prefab
  artifactKey: Guid(7b796b489cc4c447c91c00d4136b0e54) Importer(815301076,1909f56bfc062723c751e8b465ee728b)
Start importing Assets/LeanTween/Examples/Prefabs/AvatarSparkles.prefab using Guid(7b796b489cc4c447c91c00d4136b0e54) Importer(815301076,1909f56bfc062723c751e8b465ee728b)  -> (artifact id: '9cb0faa254f2affa0916f2b5be068f81') in 0.022585 seconds
Number of updated asset objects reloaded before import = 0
Number of asset objects unloaded after import = 22
========================================================================
Received Import Request.
  Time since last request: 0.000019 seconds.
  path: Assets/LeanTween/Examples/Prefabs/AvatarEventsCS.prefab
  artifactKey: Guid(3c9c5d81a80e84e90af37f2113c12b2d) Importer(815301076,1909f56bfc062723c751e8b465ee728b)
Start importing Assets/LeanTween/Examples/Prefabs/AvatarEventsCS.prefab using Guid(3c9c5d81a80e84e90af37f2113c12b2d) Importer(815301076,1909f56bfc062723c751e8b465ee728b)  -> (artifact id: '0fcab781dd582604cd4b0fd867466fda') in 0.011469 seconds
Number of updated asset objects reloaded before import = 0
Number of asset objects unloaded after import = 11
========================================================================
Received Import Request.
  Time since last request: 0.000021 seconds.
  path: Assets/LeanTween/Examples/Prefabs/AvatarDiffuse.prefab
  artifactKey: Guid(992f36b41308f41f1bc39908c2c27dda) Importer(815301076,1909f56bfc062723c751e8b465ee728b)
Start importing Assets/LeanTween/Examples/Prefabs/AvatarDiffuse.prefab using Guid(992f36b41308f41f1bc39908c2c27dda) Importer(815301076,1909f56bfc062723c751e8b465ee728b)  -> (artifact id: '246c2e8a51223ee4cfb3d9bf07c85312') in 0.012770 seconds
Number of updated asset objects reloaded before import = 0
Number of asset objects unloaded after import = 8
========================================================================
Received Import Request.
  Time since last request: 0.000023 seconds.
  path: Assets/Prefabs/Pieces/Knight.prefab
  artifactKey: Guid(c13bb3ec27496bb40bb447d06769713a) Importer(815301076,1909f56bfc062723c751e8b465ee728b)
Start importing Assets/Prefabs/Pieces/Knight.prefab using Guid(c13bb3ec27496bb40bb447d06769713a) Importer(815301076,1909f56bfc062723c751e8b465ee728b)  -> (artifact id: '68bc29f786d4c3b4b2931e30c0fe0d3e') in 0.029967 seconds
Number of updated asset objects reloaded before import = 0
Number of asset objects unloaded after import = 17
========================================================================
Received Import Request.
  Time since last request: 0.000018 seconds.
  path: Assets/Prefabs/Pieces/Bishop.prefab
  artifactKey: Guid(031d06efc966e1540a3beb471c3ada42) Importer(815301076,1909f56bfc062723c751e8b465ee728b)
Start importing Assets/Prefabs/Pieces/Bishop.prefab using Guid(031d06efc966e1540a3beb471c3ada42) Importer(815301076,1909f56bfc062723c751e8b465ee728b)  -> (artifact id: '10c05fff658c2fd646eba4fad4ca543a') in 0.034229 seconds
Number of updated asset objects reloaded before import = 0
Number of asset objects unloaded after import = 15
========================================================================
Received Import Request.
  Time since last request: 0.000020 seconds.
  path: Assets/LeanTween/Examples/Prefabs/DustCloud.prefab
  artifactKey: Guid(3a6e1cb160a414c6cbe7d27b34d381a1) Importer(815301076,1909f56bfc062723c751e8b465ee728b)
Start importing Assets/LeanTween/Examples/Prefabs/DustCloud.prefab using Guid(3a6e1cb160a414c6cbe7d27b34d381a1) Importer(815301076,1909f56bfc062723c751e8b465ee728b)  -> (artifact id: '461072992371ecc6b0d56c9d2f5c95d4') in 0.022017 seconds
Number of updated asset objects reloaded before import = 0
Number of asset objects unloaded after import = 7
========================================================================
Received Import Request.
  Time since last request: 0.000015 seconds.
  path: Assets/LeanTween/Examples/Prefabs/GridLine.prefab
  artifactKey: Guid(0d9158a373e64481db63423af851bdc9) Importer(815301076,1909f56bfc062723c751e8b465ee728b)
Start importing Assets/LeanTween/Examples/Prefabs/GridLine.prefab using Guid(0d9158a373e64481db63423af851bdc9) Importer(815301076,1909f56bfc062723c751e8b465ee728b)  -> (artifact id: '37b42333ff927775e3a10356bda15e96') in 0.015035 seconds
Number of updated asset objects reloaded before import = 0
Number of asset objects unloaded after import = 7
========================================================================
Received Import Request.
  Time since last request: 0.000012 seconds.
  path: Assets/Prefabs/Pieces/King.prefab
  artifactKey: Guid(a7e1e84dc896c12488693acceeb5b046) Importer(815301076,1909f56bfc062723c751e8b465ee728b)
Start importing Assets/Prefabs/Pieces/King.prefab using Guid(a7e1e84dc896c12488693acceeb5b046) Importer(815301076,1909f56bfc062723c751e8b465ee728b)  -> (artifact id: '0f500336d15fb37bba605f611d2898da') in 0.019963 seconds
Number of updated asset objects reloaded before import = 0
Number of asset objects unloaded after import = 17
========================================================================
Received Import Request.
  Time since last request: 0.000022 seconds.
  path: Assets/LeanTween/Examples/Prefabs/BasicExamplesText.prefab
  artifactKey: Guid(0b4ce6f9ebfb948a58b5b05397daaaea) Importer(815301076,1909f56bfc062723c751e8b465ee728b)
Start importing Assets/LeanTween/Examples/Prefabs/BasicExamplesText.prefab using Guid(0b4ce6f9ebfb948a58b5b05397daaaea) Importer(815301076,1909f56bfc062723c751e8b465ee728b)  -> (artifact id: 'bc35181ec36e95b82a28bbc079987be1') in 0.003713 seconds
Number of updated asset objects reloaded before import = 0
Number of asset objects unloaded after import = 24
========================================================================
Received Import Request.
  Time since last request: 0.000017 seconds.
  path: Assets/Prefabs/Pieces/Queen.prefab
  artifactKey: Guid(3535c5b22e7561c4491dd15a14f21a32) Importer(815301076,1909f56bfc062723c751e8b465ee728b)
Start importing Assets/Prefabs/Pieces/Queen.prefab using Guid(3535c5b22e7561c4491dd15a14f21a32) Importer(815301076,1909f56bfc062723c751e8b465ee728b)  -> (artifact id: '23e8ffc643b09485d50ac487f2039c49') in 0.018930 seconds
Number of updated asset objects reloaded before import = 0
Number of asset objects unloaded after import = 17
========================================================================
Received Import Request.
  Time since last request: 0.000021 seconds.
  path: Assets/Prefabs/Pieces/Rook.prefab
  artifactKey: Guid(706986b2c93bd5a45b135ae749c5d816) Importer(815301076,1909f56bfc062723c751e8b465ee728b)
Start importing Assets/Prefabs/Pieces/Rook.prefab using Guid(706986b2c93bd5a45b135ae749c5d816) Importer(815301076,1909f56bfc062723c751e8b465ee728b)  -> (artifact id: 'adf7937a50a996ba958f1ccd77ab226a') in 0.017742 seconds
Number of updated asset objects reloaded before import = 0
Number of asset objects unloaded after import = 17
========================================================================
Received Import Request.
  Time since last request: 0.677467 seconds.
  path: Assets/LeanTween/Examples/Models/AdvancedExamplesText.fbx
  artifactKey: Guid(47a7c1f40f5df413fbc8bf1c01c011a2) Importer(815301076,1909f56bfc062723c751e8b465ee728b)
Start importing Assets/LeanTween/Examples/Models/AdvancedExamplesText.fbx using Guid(47a7c1f40f5df413fbc8bf1c01c011a2) Importer(815301076,1909f56bfc062723c751e8b465ee728b)  -> (artifact id: '05bbb035a44a13840ce73bb564e125ae') in 0.363299 seconds
Number of updated asset objects reloaded before import = 0
Number of asset objects unloaded after import = 25
========================================================================
Received Import Request.
  Time since last request: 0.000025 seconds.
  path: Assets/LeanTween/Examples/Models/CurvePathsText.fbx
  artifactKey: Guid(9256e250ab62647109679d3cbbaf6f04) Importer(815301076,1909f56bfc062723c751e8b465ee728b)
Start importing Assets/LeanTween/Examples/Models/CurvePathsText.fbx using Guid(9256e250ab62647109679d3cbbaf6f04) Importer(815301076,1909f56bfc062723c751e8b465ee728b)  -> (artifact id: 'ffe180447999b52ecddafa8749be36bc') in 0.038389 seconds
Number of updated asset objects reloaded before import = 0
Number of asset objects unloaded after import = 9
========================================================================
Received Import Request.
  Time since last request: 0.000030 seconds.
  path: Assets/LeanTween/Examples/Models/LeanTween-Icon.fbx
  artifactKey: Guid(6fc4240da91ab4747a411a8313faed53) Importer(815301076,1909f56bfc062723c751e8b465ee728b)
Start importing Assets/LeanTween/Examples/Models/LeanTween-Icon.fbx using Guid(6fc4240da91ab4747a411a8313faed53) Importer(815301076,1909f56bfc062723c751e8b465ee728b)  -> (artifact id: '30a78a68e2466c4634f165e16b824e01') in 0.149028 seconds
Number of updated asset objects reloaded before import = 0
Number of asset objects unloaded after import = 17
========================================================================
Received Import Request.
  Time since last request: 0.000019 seconds.
  path: Assets/LeanTween/Examples/Models/EndlessDrivingText.fbx
  artifactKey: Guid(6311d891eea1c406c941c23f9dfa5265) Importer(815301076,1909f56bfc062723c751e8b465ee728b)
Start importing Assets/LeanTween/Examples/Models/EndlessDrivingText.fbx using Guid(6311d891eea1c406c941c23f9dfa5265) Importer(815301076,1909f56bfc062723c751e8b465ee728b)  -> (artifact id: 'f521631da397084550a6ff7746a86cee') in 0.037626 seconds
Number of updated asset objects reloaded before import = 0
Number of asset objects unloaded after import = 8
========================================================================
Received Import Request.
  Time since last request: 0.000016 seconds.
  path: Assets/LeanTween/Examples/Models/CameraShakeText.fbx
  artifactKey: Guid(f4d8d07c107904cdfb54156450f020f3) Importer(815301076,1909f56bfc062723c751e8b465ee728b)
Start importing Assets/LeanTween/Examples/Models/CameraShakeText.fbx using Guid(f4d8d07c107904cdfb54156450f020f3) Importer(815301076,1909f56bfc062723c751e8b465ee728b)  -> (artifact id: '1cef96686122dee7fcef97ef1a1deca1') in 0.036555 seconds
Number of updated asset objects reloaded before import = 0
Number of asset objects unloaded after import = 9
========================================================================
Received Import Request.
  Time since last request: 0.000025 seconds.
  path: Assets/LeanTween/Examples/Models/SimpleAvatar.fbx
  artifactKey: Guid(c8c942998fe7e4845bed23e105bd031f) Importer(815301076,1909f56bfc062723c751e8b465ee728b)
Start importing Assets/LeanTween/Examples/Models/SimpleAvatar.fbx using Guid(c8c942998fe7e4845bed23e105bd031f) Importer(815301076,1909f56bfc062723c751e8b465ee728b)  -> (artifact id: 'f6b45832ae2264011056c6af88bb9890') in 0.036494 seconds
Number of updated asset objects reloaded before import = 0
Number of asset objects unloaded after import = 9
========================================================================
Received Import Request.
  Time since last request: 0.000033 seconds.
  path: Assets/LeanTween/Examples/Models/DirectionalArrow.fbx
  artifactKey: Guid(d47ae0396110840289d47476d8289fbf) Importer(815301076,1909f56bfc062723c751e8b465ee728b)
Start importing Assets/LeanTween/Examples/Models/DirectionalArrow.fbx using Guid(d47ae0396110840289d47476d8289fbf) Importer(815301076,1909f56bfc062723c751e8b465ee728b)  -> (artifact id: 'cc4d1b2a1c77c9a52c98cd94993744f3') in 0.069872 seconds
Number of updated asset objects reloaded before import = 0
Number of asset objects unloaded after import = 8
========================================================================
Received Import Request.
  Time since last request: 0.000021 seconds.
  path: Assets/LeanTween/Examples/Models/ExampleFirTree.fbx
  artifactKey: Guid(26daae648a43e4db88d0a47a293d545c) Importer(815301076,1909f56bfc062723c751e8b465ee728b)
Start importing Assets/LeanTween/Examples/Models/ExampleFirTree.fbx using Guid(26daae648a43e4db88d0a47a293d545c) Importer(815301076,1909f56bfc062723c751e8b465ee728b)  -> (artifact id: 'ead23498da461e26325d1f7646ebfdbe') in 0.030942 seconds
Number of updated asset objects reloaded before import = 0
Number of asset objects unloaded after import = 8
========================================================================
Received Import Request.
  Time since last request: 0.000021 seconds.
  path: Assets/LeanTween/Examples/Models/Grid.fbx
  artifactKey: Guid(cf8dd6c08e9ac4507bbbd1468b530d48) Importer(815301076,1909f56bfc062723c751e8b465ee728b)
Start importing Assets/LeanTween/Examples/Models/Grid.fbx using Guid(cf8dd6c08e9ac4507bbbd1468b530d48) Importer(815301076,1909f56bfc062723c751e8b465ee728b)  -> (artifact id: 'b8a88acec2d6e22845b63bbd0b64f07f') in 0.126484 seconds
Number of updated asset objects reloaded before import = 0
Number of asset objects unloaded after import = 8
========================================================================
Received Import Request.
  Time since last request: 0.000021 seconds.
  path: Assets/LeanTween/Examples/Models/BasicExamplesText.fbx
  artifactKey: Guid(803bfbdea65eb4ebe96e481875403860) Importer(815301076,1909f56bfc062723c751e8b465ee728b)
Start importing Assets/LeanTween/Examples/Models/BasicExamplesText.fbx using Guid(803bfbdea65eb4ebe96e481875403860) Importer(815301076,1909f56bfc062723c751e8b465ee728b)  -> (artifact id: 'e50ef46fb3335cbe3e7daf4bc3ffd9f8') in 0.161989 seconds
Number of updated asset objects reloaded before import = 0
Number of asset objects unloaded after import = 26
========================================================================
Received Import Request.
  Time since last request: 0.000035 seconds.
  path: Assets/LeanTween/Examples/Models/ExampleCar.fbx
  artifactKey: Guid(00046df2e01964c4cbb764131f0c85e1) Importer(815301076,1909f56bfc062723c751e8b465ee728b)
Start importing Assets/LeanTween/Examples/Models/ExampleCar.fbx using Guid(00046df2e01964c4cbb764131f0c85e1) Importer(815301076,1909f56bfc062723c751e8b465ee728b)  -> (artifact id: 'e6313efeb36fb0d96b925c247c87461e') in 0.034141 seconds
Number of updated asset objects reloaded before import = 0
Number of asset objects unloaded after import = 8
========================================================================
Received Import Request.
  Time since last request: 0.396021 seconds.
  path: Assets/LeanTween/Examples/Material/AlphBumps.mat
  artifactKey: Guid(12c720f1dd5674502bc1185ff99b70f9) Importer(815301076,1909f56bfc062723c751e8b465ee728b)
Start importing Assets/LeanTween/Examples/Material/AlphBumps.mat using Guid(12c720f1dd5674502bc1185ff99b70f9) Importer(815301076,1909f56bfc062723c751e8b465ee728b)  -> (artifact id: '68bed496bc54f67338fdb0b94b44cfe8') in 0.125094 seconds
Number of updated asset objects reloaded before import = 0
Number of asset objects unloaded after import = 1
========================================================================
Received Import Request.
  Time since last request: 0.000062 seconds.
  path: Assets/LeanTween/Examples/Material/TrailFollowMaterial.mat
  artifactKey: Guid(ff16fb4a90fe84bec9c8f29698aa0eed) Importer(815301076,1909f56bfc062723c751e8b465ee728b)
Start importing Assets/LeanTween/Examples/Material/TrailFollowMaterial.mat using Guid(ff16fb4a90fe84bec9c8f29698aa0eed) Importer(815301076,1909f56bfc062723c751e8b465ee728b)  -> (artifact id: '755a988663e6b23ba52fb348af2e8332') in 0.038944 seconds
Number of updated asset objects reloaded before import = 0
Number of asset objects unloaded after import = 2
========================================================================
Received Import Request.
  Time since last request: 0.000029 seconds.
  path: Assets/LeanTween/Examples/Material/TrackLines.mat
  artifactKey: Guid(54538213a935248b8ac1ce7b42140cad) Importer(815301076,1909f56bfc062723c751e8b465ee728b)
Start importing Assets/LeanTween/Examples/Material/TrackLines.mat using Guid(54538213a935248b8ac1ce7b42140cad) Importer(815301076,1909f56bfc062723c751e8b465ee728b)  -> (artifact id: '1c03acf19445bea6d5e2492fd8f84fda') in 0.052967 seconds
Number of updated asset objects reloaded before import = 0
Number of asset objects unloaded after import = 2
========================================================================
Received Import Request.
  Time since last request: 0.000019 seconds.
  path: Assets/LeanTween/Examples/Models/Materials/LineMaterial.mat
  artifactKey: Guid(cf41397dc908943a38769b3d61f3877a) Importer(815301076,1909f56bfc062723c751e8b465ee728b)
Start importing Assets/LeanTween/Examples/Models/Materials/LineMaterial.mat using Guid(cf41397dc908943a38769b3d61f3877a) Importer(815301076,1909f56bfc062723c751e8b465ee728b)  -> (artifact id: '06dae16f8d589701d64a535c4c141d05') in 0.019905 seconds
Number of updated asset objects reloaded before import = 0
Number of asset objects unloaded after import = 1
========================================================================
Received Import Request.
  Time since last request: 0.000024 seconds.
  path: Assets/LeanTween/Examples/Models/Materials/Material_001.mat
  artifactKey: Guid(d9041dec3e4f243ad92eacfec2f65378) Importer(815301076,1909f56bfc062723c751e8b465ee728b)
Start importing Assets/LeanTween/Examples/Models/Materials/Material_001.mat using Guid(d9041dec3e4f243ad92eacfec2f65378) Importer(815301076,1909f56bfc062723c751e8b465ee728b)  -> (artifact id: 'b34062e4b58ad55fda0c425eb5141e96') in 0.008652 seconds
Number of updated asset objects reloaded before import = 0
Number of asset objects unloaded after import = 1
========================================================================
Received Import Request.
  Time since last request: 0.000038 seconds.
  path: Assets/LeanTween/Examples/Material/LineGlowMaterial.mat
  artifactKey: Guid(658f4eba50cce41098da6ed347d8d270) Importer(815301076,1909f56bfc062723c751e8b465ee728b)
Start importing Assets/LeanTween/Examples/Material/LineGlowMaterial.mat using Guid(658f4eba50cce41098da6ed347d8d270) Importer(815301076,1909f56bfc062723c751e8b465ee728b)  -> (artifact id: '731877b3674459d13203745fa9c9fb50') in 0.108731 seconds
Number of updated asset objects reloaded before import = 0
Number of asset objects unloaded after import = 2
========================================================================
Received Import Request.
  Time since last request: 0.000020 seconds.
  path: Assets/LeanTween/Examples/Material/TrackFollowMaterial.mat
  artifactKey: Guid(9efbdb862990242178d5b47a40b48e80) Importer(815301076,1909f56bfc062723c751e8b465ee728b)
Start importing Assets/LeanTween/Examples/Material/TrackFollowMaterial.mat using Guid(9efbdb862990242178d5b47a40b48e80) Importer(815301076,1909f56bfc062723c751e8b465ee728b)  -> (artifact id: '37b1900c05ddafb78464eb7b87fed6f0') in 0.015456 seconds
Number of updated asset objects reloaded before import = 0
Number of asset objects unloaded after import = 2
========================================================================
Received Import Request.
  Time since last request: 0.000023 seconds.
  path: Assets/LeanTween/Examples/Material/Graph.mat
  artifactKey: Guid(a8a5e544bfa0d416892e87b12e93911b) Importer(815301076,1909f56bfc062723c751e8b465ee728b)
Start importing Assets/LeanTween/Examples/Material/Graph.mat using Guid(a8a5e544bfa0d416892e87b12e93911b) Importer(815301076,1909f56bfc062723c751e8b465ee728b)  -> (artifact id: '0a4b9a879eae10d8654135f23443e150') in 0.023526 seconds
Number of updated asset objects reloaded before import = 0
Number of asset objects unloaded after import = 1
========================================================================
Received Import Request.
  Time since last request: 0.000024 seconds.
  path: Assets/LeanTween/Examples/Material/TrackCar.mat
  artifactKey: Guid(3e55a11a05aa141af9f3be5e921cc003) Importer(815301076,1909f56bfc062723c751e8b465ee728b)
Start importing Assets/LeanTween/Examples/Material/TrackCar.mat using Guid(3e55a11a05aa141af9f3be5e921cc003) Importer(815301076,1909f56bfc062723c751e8b465ee728b)  -> (artifact id: '24486f665159e7b1022f5fb5b57ff371') in 0.020944 seconds
Number of updated asset objects reloaded before import = 0
Number of asset objects unloaded after import = 1
========================================================================
Received Import Request.
  Time since last request: 0.000039 seconds.
  path: Assets/LeanTween/Examples/Material/ParticleGlow.mat
  artifactKey: Guid(8de91330a48c540279c3bc6e3aff2b4d) Importer(815301076,1909f56bfc062723c751e8b465ee728b)
Start importing Assets/LeanTween/Examples/Material/ParticleGlow.mat using Guid(8de91330a48c540279c3bc6e3aff2b4d) Importer(815301076,1909f56bfc062723c751e8b465ee728b)  -> (artifact id: '77089708ab85b92de7f8af73e4f95419') in 0.051918 seconds
Number of updated asset objects reloaded before import = 0
Number of asset objects unloaded after import = 2
========================================================================
Received Import Request.
  Time since last request: 0.000058 seconds.
  path: Assets/LeanTween/Examples/Models/Materials/eanTween.mat
  artifactKey: Guid(f619dcfcfb4564405b5fe5ea207c9199) Importer(815301076,1909f56bfc062723c751e8b465ee728b)
Start importing Assets/LeanTween/Examples/Models/Materials/eanTween.mat using Guid(f619dcfcfb4564405b5fe5ea207c9199) Importer(815301076,1909f56bfc062723c751e8b465ee728b)  -> (artifact id: '3b20b50872f3982b4a0fac7ec3cc2d70') in 0.014780 seconds
Number of updated asset objects reloaded before import = 0
Number of asset objects unloaded after import = 1
========================================================================
Received Import Request.
  Time since last request: 0.000272 seconds.
  path: Assets/LeanTween/Examples/Material/Mock2d.mat
  artifactKey: Guid(ab11516f0780f4d438844432fc7e8070) Importer(815301076,1909f56bfc062723c751e8b465ee728b)
Start importing Assets/LeanTween/Examples/Material/Mock2d.mat using Guid(ab11516f0780f4d438844432fc7e8070) Importer(815301076,1909f56bfc062723c751e8b465ee728b)  -> (artifact id: 'e2dcf614f4c1dea71d6eec8a4a673e61') in 0.031515 seconds
Number of updated asset objects reloaded before import = 0
Number of asset objects unloaded after import = 2
========================================================================
Received Import Request.
  Time since last request: 0.000018 seconds.
  path: Assets/LeanTween/Examples/Models/Materials/SimpleAvatarAlphaBlue.mat
  artifactKey: Guid(39a7c2c726d36466a82bb11886f760e1) Importer(815301076,1909f56bfc062723c751e8b465ee728b)
Start importing Assets/LeanTween/Examples/Models/Materials/SimpleAvatarAlphaBlue.mat using Guid(39a7c2c726d36466a82bb11886f760e1) Importer(815301076,1909f56bfc062723c751e8b465ee728b)  -> (artifact id: '08e17bd9095a77bc71e9cb6ecf6f369b') in 0.013994 seconds
Number of updated asset objects reloaded before import = 0
Number of asset objects unloaded after import = 1
========================================================================
Received Import Request.
  Time since last request: 0.000036 seconds.
  path: Assets/LeanTween/Examples/Models/Materials/Material.mat
  artifactKey: Guid(af31d53076fd745faa5f05dae96c15c3) Importer(815301076,1909f56bfc062723c751e8b465ee728b)
Start importing Assets/LeanTween/Examples/Models/Materials/Material.mat using Guid(af31d53076fd745faa5f05dae96c15c3) Importer(815301076,1909f56bfc062723c751e8b465ee728b)  -> (artifact id: '0ba257fc35aa7826cefd3cabe5abfd96') in 0.010789 seconds
Number of updated asset objects reloaded before import = 0
Number of asset objects unloaded after import = 1
Editor requested this worker to shutdown with reason: Scaling down because of idle timeout
TcpMessagingSession - receive error: operation aborted. errorcode: 995, details: A operação de E/S foi anulada devido a uma saída de thread ou a uma requisição de aplicativo.
AssetImportWorker is now disconnected from the server
Process exiting
Exiting without the bug reporter. Application will terminate with return code 0